
-----------------------------------------
Keras version      :  2.10.0
TensorFlow version :  2.10.0
3.7.8 | packaged by conda-forge | (default, Nov 17 2020, 23:45:15) 
[GCC 7.5.0]
-----------------------------------------
 Command line options:
--input_height :  200
--input_width  :  250
--input_chan   :  3
--tfrec_dir    :  build/tfrecords
--batchsize    :  50
--learnrate    :  0.001
--epochs       :  250
--chkpt_dir    :  build/float_model
--tboard       :  build/tb_logs
-----------------------------------------

-----------------------------------------
 Model Summary
-----------------------------------------
Model: "model"
__________________________________________________________________________________________________
 Layer (type)                   Output Shape         Param #     Connected to                     
==================================================================================================
 input_1 (InputLayer)           [(None, 200, 250, 3  0           []                               
                                )]                                                                
                                                                                                  
 conv2d (Conv2D)                (None, 200, 250, 8)  224         ['input_1[0][0]']                
                                                                                                  
 batch_normalization (BatchNorm  (None, 200, 250, 8)  32         ['conv2d[0][0]']                 
 alization)                                                                                       
                                                                                                  
 activation (Activation)        (None, 200, 250, 8)  0           ['batch_normalization[0][0]']    
                                                                                                  
 dropout (Dropout)              (None, 200, 250, 8)  0           ['activation[0][0]']             
                                                                                                  
 conv2d_1 (Conv2D)              (None, 200, 250, 8)  584         ['dropout[0][0]']                
                                                                                                  
 batch_normalization_1 (BatchNo  (None, 200, 250, 8)  32         ['conv2d_1[0][0]']               
 rmalization)                                                                                     
                                                                                                  
 activation_1 (Activation)      (None, 200, 250, 8)  0           ['batch_normalization_1[0][0]']  
                                                                                                  
 dropout_1 (Dropout)            (None, 200, 250, 8)  0           ['activation_1[0][0]']           
                                                                                                  
 conv2d_3 (Conv2D)              (None, 200, 250, 8)  224         ['input_1[0][0]']                
                                                                                                  
 conv2d_2 (Conv2D)              (None, 200, 250, 8)  584         ['dropout_1[0][0]']              
                                                                                                  
 batch_normalization_3 (BatchNo  (None, 200, 250, 8)  32         ['conv2d_3[0][0]']               
 rmalization)                                                                                     
                                                                                                  
 batch_normalization_2 (BatchNo  (None, 200, 250, 8)  32         ['conv2d_2[0][0]']               
 rmalization)                                                                                     
                                                                                                  
 activation_3 (Activation)      (None, 200, 250, 8)  0           ['batch_normalization_3[0][0]']  
                                                                                                  
 activation_2 (Activation)      (None, 200, 250, 8)  0           ['batch_normalization_2[0][0]']  
                                                                                                  
 dropout_3 (Dropout)            (None, 200, 250, 8)  0           ['activation_3[0][0]']           
                                                                                                  
 dropout_2 (Dropout)            (None, 200, 250, 8)  0           ['activation_2[0][0]']           
                                                                                                  
 add (Add)                      (None, 200, 250, 8)  0           ['dropout_3[0][0]',              
                                                                  'dropout_2[0][0]']              
                                                                                                  
 conv2d_4 (Conv2D)              (None, 100, 125, 8)  584         ['add[0][0]']                    
                                                                                                  
 batch_normalization_4 (BatchNo  (None, 100, 125, 8)  32         ['conv2d_4[0][0]']               
 rmalization)                                                                                     
                                                                                                  
 activation_4 (Activation)      (None, 100, 125, 8)  0           ['batch_normalization_4[0][0]']  
                                                                                                  
 dropout_4 (Dropout)            (None, 100, 125, 8)  0           ['activation_4[0][0]']           
                                                                                                  
 conv2d_5 (Conv2D)              (None, 100, 125, 16  1168        ['dropout_4[0][0]']              
                                )                                                                 
                                                                                                  
 batch_normalization_5 (BatchNo  (None, 100, 125, 16  64         ['conv2d_5[0][0]']               
 rmalization)                   )                                                                 
                                                                                                  
 activation_5 (Activation)      (None, 100, 125, 16  0           ['batch_normalization_5[0][0]']  
                                )                                                                 
                                                                                                  
 dropout_5 (Dropout)            (None, 100, 125, 16  0           ['activation_5[0][0]']           
                                )                                                                 
                                                                                                  
 conv2d_6 (Conv2D)              (None, 100, 125, 16  2320        ['dropout_5[0][0]']              
                                )                                                                 
                                                                                                  
 batch_normalization_6 (BatchNo  (None, 100, 125, 16  64         ['conv2d_6[0][0]']               
 rmalization)                   )                                                                 
                                                                                                  
 activation_6 (Activation)      (None, 100, 125, 16  0           ['batch_normalization_6[0][0]']  
                                )                                                                 
                                                                                                  
 dropout_6 (Dropout)            (None, 100, 125, 16  0           ['activation_6[0][0]']           
                                )                                                                 
                                                                                                  
 conv2d_8 (Conv2D)              (None, 100, 125, 16  1168        ['dropout_4[0][0]']              
                                )                                                                 
                                                                                                  
 conv2d_7 (Conv2D)              (None, 100, 125, 16  2320        ['dropout_6[0][0]']              
                                )                                                                 
                                                                                                  
 batch_normalization_8 (BatchNo  (None, 100, 125, 16  64         ['conv2d_8[0][0]']               
 rmalization)                   )                                                                 
                                                                                                  
 batch_normalization_7 (BatchNo  (None, 100, 125, 16  64         ['conv2d_7[0][0]']               
 rmalization)                   )                                                                 
                                                                                                  
 activation_8 (Activation)      (None, 100, 125, 16  0           ['batch_normalization_8[0][0]']  
                                )                                                                 
                                                                                                  
 activation_7 (Activation)      (None, 100, 125, 16  0           ['batch_normalization_7[0][0]']  
                                )                                                                 
                                                                                                  
 dropout_8 (Dropout)            (None, 100, 125, 16  0           ['activation_8[0][0]']           
                                )                                                                 
                                                                                                  
 dropout_7 (Dropout)            (None, 100, 125, 16  0           ['activation_7[0][0]']           
                                )                                                                 
                                                                                                  
 add_1 (Add)                    (None, 100, 125, 16  0           ['dropout_8[0][0]',              
                                )                                 'dropout_7[0][0]']              
                                                                                                  
 conv2d_9 (Conv2D)              (None, 50, 63, 16)   2320        ['add_1[0][0]']                  
                                                                                                  
 batch_normalization_9 (BatchNo  (None, 50, 63, 16)  64          ['conv2d_9[0][0]']               
 rmalization)                                                                                     
                                                                                                  
 activation_9 (Activation)      (None, 50, 63, 16)   0           ['batch_normalization_9[0][0]']  
                                                                                                  
 dropout_9 (Dropout)            (None, 50, 63, 16)   0           ['activation_9[0][0]']           
                                                                                                  
 conv2d_10 (Conv2D)             (None, 50, 63, 32)   4640        ['dropout_9[0][0]']              
                                                                                                  
 batch_normalization_10 (BatchN  (None, 50, 63, 32)  128         ['conv2d_10[0][0]']              
 ormalization)                                                                                    
                                                                                                  
 activation_10 (Activation)     (None, 50, 63, 32)   0           ['batch_normalization_10[0][0]'] 
                                                                                                  
 dropout_10 (Dropout)           (None, 50, 63, 32)   0           ['activation_10[0][0]']          
                                                                                                  
 conv2d_11 (Conv2D)             (None, 50, 63, 32)   9248        ['dropout_10[0][0]']             
                                                                                                  
 batch_normalization_11 (BatchN  (None, 50, 63, 32)  128         ['conv2d_11[0][0]']              
 ormalization)                                                                                    
                                                                                                  
 activation_11 (Activation)     (None, 50, 63, 32)   0           ['batch_normalization_11[0][0]'] 
                                                                                                  
 dropout_11 (Dropout)           (None, 50, 63, 32)   0           ['activation_11[0][0]']          
                                                                                                  
 conv2d_13 (Conv2D)             (None, 50, 63, 32)   4640        ['dropout_9[0][0]']              
                                                                                                  
 conv2d_12 (Conv2D)             (None, 50, 63, 32)   9248        ['dropout_11[0][0]']             
                                                                                                  
 batch_normalization_13 (BatchN  (None, 50, 63, 32)  128         ['conv2d_13[0][0]']              
 ormalization)                                                                                    
                                                                                                  
 batch_normalization_12 (BatchN  (None, 50, 63, 32)  128         ['conv2d_12[0][0]']              
 ormalization)                                                                                    
                                                                                                  
 activation_13 (Activation)     (None, 50, 63, 32)   0           ['batch_normalization_13[0][0]'] 
                                                                                                  
 activation_12 (Activation)     (None, 50, 63, 32)   0           ['batch_normalization_12[0][0]'] 
                                                                                                  
 dropout_13 (Dropout)           (None, 50, 63, 32)   0           ['activation_13[0][0]']          
                                                                                                  
 dropout_12 (Dropout)           (None, 50, 63, 32)   0           ['activation_12[0][0]']          
                                                                                                  
 add_2 (Add)                    (None, 50, 63, 32)   0           ['dropout_13[0][0]',             
                                                                  'dropout_12[0][0]']             
                                                                                                  
 conv2d_14 (Conv2D)             (None, 25, 32, 32)   9248        ['add_2[0][0]']                  
                                                                                                  
 batch_normalization_14 (BatchN  (None, 25, 32, 32)  128         ['conv2d_14[0][0]']              
 ormalization)                                                                                    
                                                                                                  
 activation_14 (Activation)     (None, 25, 32, 32)   0           ['batch_normalization_14[0][0]'] 
                                                                                                  
 dropout_14 (Dropout)           (None, 25, 32, 32)   0           ['activation_14[0][0]']          
                                                                                                  
 conv2d_15 (Conv2D)             (None, 25, 32, 64)   18496       ['dropout_14[0][0]']             
                                                                                                  
 batch_normalization_15 (BatchN  (None, 25, 32, 64)  256         ['conv2d_15[0][0]']              
 ormalization)                                                                                    
                                                                                                  
 activation_15 (Activation)     (None, 25, 32, 64)   0           ['batch_normalization_15[0][0]'] 
                                                                                                  
 dropout_15 (Dropout)           (None, 25, 32, 64)   0           ['activation_15[0][0]']          
                                                                                                  
 conv2d_16 (Conv2D)             (None, 25, 32, 64)   36928       ['dropout_15[0][0]']             
                                                                                                  
 batch_normalization_16 (BatchN  (None, 25, 32, 64)  256         ['conv2d_16[0][0]']              
 ormalization)                                                                                    
                                                                                                  
 activation_16 (Activation)     (None, 25, 32, 64)   0           ['batch_normalization_16[0][0]'] 
                                                                                                  
 dropout_16 (Dropout)           (None, 25, 32, 64)   0           ['activation_16[0][0]']          
                                                                                                  
 conv2d_18 (Conv2D)             (None, 25, 32, 64)   18496       ['dropout_14[0][0]']             
                                                                                                  
 conv2d_17 (Conv2D)             (None, 25, 32, 64)   36928       ['dropout_16[0][0]']             
                                                                                                  
 batch_normalization_18 (BatchN  (None, 25, 32, 64)  256         ['conv2d_18[0][0]']              
 ormalization)                                                                                    
                                                                                                  
 batch_normalization_17 (BatchN  (None, 25, 32, 64)  256         ['conv2d_17[0][0]']              
 ormalization)                                                                                    
                                                                                                  
 activation_18 (Activation)     (None, 25, 32, 64)   0           ['batch_normalization_18[0][0]'] 
                                                                                                  
 activation_17 (Activation)     (None, 25, 32, 64)   0           ['batch_normalization_17[0][0]'] 
                                                                                                  
 dropout_18 (Dropout)           (None, 25, 32, 64)   0           ['activation_18[0][0]']          
                                                                                                  
 dropout_17 (Dropout)           (None, 25, 32, 64)   0           ['activation_17[0][0]']          
                                                                                                  
 add_3 (Add)                    (None, 25, 32, 64)   0           ['dropout_18[0][0]',             
                                                                  'dropout_17[0][0]']             
                                                                                                  
 conv2d_19 (Conv2D)             (None, 13, 16, 64)   36928       ['add_3[0][0]']                  
                                                                                                  
 batch_normalization_19 (BatchN  (None, 13, 16, 64)  256         ['conv2d_19[0][0]']              
 ormalization)                                                                                    
                                                                                                  
 activation_19 (Activation)     (None, 13, 16, 64)   0           ['batch_normalization_19[0][0]'] 
                                                                                                  
 dropout_19 (Dropout)           (None, 13, 16, 64)   0           ['activation_19[0][0]']          
                                                                                                  
 conv2d_20 (Conv2D)             (None, 13, 16, 128)  73856       ['dropout_19[0][0]']             
                                                                                                  
 batch_normalization_20 (BatchN  (None, 13, 16, 128)  512        ['conv2d_20[0][0]']              
 ormalization)                                                                                    
                                                                                                  
 activation_20 (Activation)     (None, 13, 16, 128)  0           ['batch_normalization_20[0][0]'] 
                                                                                                  
 dropout_20 (Dropout)           (None, 13, 16, 128)  0           ['activation_20[0][0]']          
                                                                                                  
 conv2d_21 (Conv2D)             (None, 13, 16, 128)  147584      ['dropout_20[0][0]']             
                                                                                                  
 batch_normalization_21 (BatchN  (None, 13, 16, 128)  512        ['conv2d_21[0][0]']              
 ormalization)                                                                                    
                                                                                                  
 activation_21 (Activation)     (None, 13, 16, 128)  0           ['batch_normalization_21[0][0]'] 
                                                                                                  
 dropout_21 (Dropout)           (None, 13, 16, 128)  0           ['activation_21[0][0]']          
                                                                                                  
 conv2d_23 (Conv2D)             (None, 13, 16, 128)  73856       ['dropout_19[0][0]']             
                                                                                                  
 conv2d_22 (Conv2D)             (None, 13, 16, 128)  147584      ['dropout_21[0][0]']             
                                                                                                  
 batch_normalization_23 (BatchN  (None, 13, 16, 128)  512        ['conv2d_23[0][0]']              
 ormalization)                                                                                    
                                                                                                  
 batch_normalization_22 (BatchN  (None, 13, 16, 128)  512        ['conv2d_22[0][0]']              
 ormalization)                                                                                    
                                                                                                  
 activation_23 (Activation)     (None, 13, 16, 128)  0           ['batch_normalization_23[0][0]'] 
                                                                                                  
 activation_22 (Activation)     (None, 13, 16, 128)  0           ['batch_normalization_22[0][0]'] 
                                                                                                  
 dropout_23 (Dropout)           (None, 13, 16, 128)  0           ['activation_23[0][0]']          
                                                                                                  
 dropout_22 (Dropout)           (None, 13, 16, 128)  0           ['activation_22[0][0]']          
                                                                                                  
 add_4 (Add)                    (None, 13, 16, 128)  0           ['dropout_23[0][0]',             
                                                                  'dropout_22[0][0]']             
                                                                                                  
 conv2d_24 (Conv2D)             (None, 7, 8, 128)    147584      ['add_4[0][0]']                  
                                                                                                  
 batch_normalization_24 (BatchN  (None, 7, 8, 128)   512         ['conv2d_24[0][0]']              
 ormalization)                                                                                    
                                                                                                  
 activation_24 (Activation)     (None, 7, 8, 128)    0           ['batch_normalization_24[0][0]'] 
                                                                                                  
 dropout_24 (Dropout)           (None, 7, 8, 128)    0           ['activation_24[0][0]']          
                                                                                                  
 conv2d_25 (Conv2D)             (None, 7, 8, 31)     35743       ['dropout_24[0][0]']             
                                                                                                  
 batch_normalization_25 (BatchN  (None, 7, 8, 31)    124         ['conv2d_25[0][0]']              
 ormalization)                                                                                    
                                                                                                  
 activation_25 (Activation)     (None, 7, 8, 31)     0           ['batch_normalization_25[0][0]'] 
                                                                                                  
 dropout_25 (Dropout)           (None, 7, 8, 31)     0           ['activation_25[0][0]']          
                                                                                                  
 conv2d_26 (Conv2D)             (None, 7, 8, 31)     8680        ['dropout_25[0][0]']             
                                                                                                  
 batch_normalization_26 (BatchN  (None, 7, 8, 31)    124         ['conv2d_26[0][0]']              
 ormalization)                                                                                    
                                                                                                  
 activation_26 (Activation)     (None, 7, 8, 31)     0           ['batch_normalization_26[0][0]'] 
                                                                                                  
 dropout_26 (Dropout)           (None, 7, 8, 31)     0           ['activation_26[0][0]']          
                                                                                                  
 conv2d_28 (Conv2D)             (None, 7, 8, 31)     35743       ['dropout_24[0][0]']             
                                                                                                  
 conv2d_27 (Conv2D)             (None, 7, 8, 31)     8680        ['dropout_26[0][0]']             
                                                                                                  
 batch_normalization_28 (BatchN  (None, 7, 8, 31)    124         ['conv2d_28[0][0]']              
 ormalization)                                                                                    
                                                                                                  
 batch_normalization_27 (BatchN  (None, 7, 8, 31)    124         ['conv2d_27[0][0]']              
 ormalization)                                                                                    
                                                                                                  
 activation_28 (Activation)     (None, 7, 8, 31)     0           ['batch_normalization_28[0][0]'] 
                                                                                                  
 activation_27 (Activation)     (None, 7, 8, 31)     0           ['batch_normalization_27[0][0]'] 
                                                                                                  
 dropout_28 (Dropout)           (None, 7, 8, 31)     0           ['activation_28[0][0]']          
                                                                                                  
 dropout_27 (Dropout)           (None, 7, 8, 31)     0           ['activation_27[0][0]']          
                                                                                                  
 add_5 (Add)                    (None, 7, 8, 31)     0           ['dropout_28[0][0]',             
                                                                  'dropout_27[0][0]']             
                                                                                                  
 conv2d_29 (Conv2D)             (None, 4, 4, 31)     8680        ['add_5[0][0]']                  
                                                                                                  
 batch_normalization_29 (BatchN  (None, 4, 4, 31)    124         ['conv2d_29[0][0]']              
 ormalization)                                                                                    
                                                                                                  
 activation_29 (Activation)     (None, 4, 4, 31)     0           ['batch_normalization_29[0][0]'] 
                                                                                                  
 dropout_29 (Dropout)           (None, 4, 4, 31)     0           ['activation_29[0][0]']          
                                                                                                  
 conv2d_30 (Conv2D)             (None, 1, 1, 2)      994         ['dropout_29[0][0]']             
                                                                                                  
 flatten (Flatten)              (None, 2)            0           ['conv2d_30[0][0]']              
                                                                                                  
 activation_30 (Activation)     (None, 2)            0           ['flatten[0][0]']                
                                                                                                  
==================================================================================================
Total params: 890,860
Trainable params: 888,070
Non-trainable params: 2,790
__________________________________________________________________________________________________
None
Model Inputs: [<KerasTensor: shape=(None, 200, 250, 3) dtype=float32 (created by layer 'input_1')>]
Model Outputs: [<KerasTensor: shape=(None, 2) dtype=float32 (created by layer 'activation_30')>]
Traceback (most recent call last):
  File "train.py", line 172, in <module>
    run_main()
  File "train.py", line 168, in run_main
    args.batchsize,args.learnrate,args.epochs,args.chkpt_dir,args.tboard)
  File "train.py", line 76, in train
    train_dataset = input_fn_trn(tfrec_dir,batchsize,input_height,input_width)
  File "/workspace/dataset_utils.py", line 93, in input_fn_trn
    tfrecord_files = tf.data.Dataset.list_files('{}/train_*.tfrecord'.format(tfrec_dir), shuffle=True)
  File "/opt/vitis_ai/conda/envs/vitis-ai-tensorflow2/lib/python3.7/site-packages/tensorflow/python/data/ops/dataset_ops.py", line 1385, in list_files
    condition, [message], summarize=1, name="assert_not_empty")
  File "/opt/vitis_ai/conda/envs/vitis-ai-tensorflow2/lib/python3.7/site-packages/tensorflow/python/util/traceback_utils.py", line 153, in error_handler
    raise e.with_traceback(filtered_tb) from None
  File "/opt/vitis_ai/conda/envs/vitis-ai-tensorflow2/lib/python3.7/site-packages/tensorflow/python/ops/control_flow_ops.py", line 160, in Assert
    (condition, "\n".join(data_str)))
tensorflow.python.framework.errors_impl.InvalidArgumentError: Expected 'tf.Tensor(False, shape=(), dtype=bool)' to be true. Summarized data: b'No files matched pattern: build/tfrecords/train_*.tfrecord'
